2017-08-15 17:07:01,168 GraphDatabaseClient.py[line:100] INFO Query: MATCH (nd:Douban) WHERE nd.name=~'ta' RETURN nd LIMIT 1
2017-08-15 17:07:30,661 GraphDatabaseClient.py[line:100] INFO Query: MATCH (nd:Douban) WHERE nd.name=~'.*ta.*' RETURN nd LIMIT 1
2017-08-15 17:07:41,564 GraphDatabaseClient.py[line:100] INFO Query: MATCH (nd:Douban) WHERE nd.name=~'.*ta' RETURN nd LIMIT 1
2017-08-15 17:07:59,505 GraphDatabaseClient.py[line:100] INFO Query: MATCH (nd:Douban) WHERE nd.name=~'.*ta.*' RETURN nd LIMIT 1
2017-08-15 17:08:53,209 GraphDatabaseClient.py[line:100] INFO Query: MATCH (nd:Douban) WHERE nd.name=~'.*ta.*' RETURN nd LIMIT 1
2017-08-15 17:25:28,366 GraphDatabaseClient.py[line:100] INFO Query: MATCH (nd:Douban) WHERE nd.name=~'.*ta.*' RETURN nd LIMIT 1
2017-08-15 17:25:28,427 GraphDatabaseClient.py[line:207] INFO Query: MATCH (st_nd:Douban)-[a:ALIGN]-(end_nd:Weibo) WHERE st_nd.name='tada' AND end_nd.nick_name='tadamiracle' RETURN st_nd, a, end_nd
2017-08-15 17:25:32,666 GraphDatabaseClient.py[line:207] INFO Query: MATCH (st_nd:Douban)-[a:ALIGN]-(end_nd:Weibo) WHERE st_nd.name='tada' AND end_nd.nick_name='tadamiracle' RETURN st_nd, a, end_nd
2017-08-16 13:26:30,319 GraphdbClient.py[line:210] INFO Query: MATCH (st_nd:Douban)-[a:ALIGN]-(end_nd:Weibo) WHERE st_nd.name='tada' AND end_nd.nick_name='tadamiracle' RETURN st_nd, a, end_nd
2017-08-16 13:30:26,422 GraphdbClient.py[line:210] INFO Query: MATCH (st_nd:Douban)-[a:ALIGN]-(end_nd:Weibo) WHERE st_nd.name='tada' AND end_nd.nick_name='tadamiracle' RETURN st_nd, a, end_nd
2017-08-16 13:42:04,545 GraphdbClient.py[line:211] INFO Query: MATCH (st_nd:Douban)-[a:ALIGN]-(end_nd:Weibo) WHERE st_nd.name='tada' AND end_nd.nick_name='tadamiracle' RETURN st_nd, a, end_nd
2017-08-16 13:43:09,269 GraphdbClient.py[line:211] INFO Query: MATCH (st_nd:Douban)-[a:ALIGN]-(end_nd:Weibo) WHERE st_nd.name='tada' AND end_nd.nick_name='tadamiracle' RETURN st_nd, a, end_nd
2017-08-16 14:11:58,211 GraphdbClient.py[line:211] INFO Query: MATCH (st_nd:Douban)-[a:ALIGN]-(end_nd:Weibo) WHERE st_nd.name='tada' AND end_nd.nick_name='tadamiracle' RETURN st_nd, a, end_nd
2017-08-16 14:12:10,262 GraphdbClient.py[line:211] INFO Query: MATCH (st_nd:Douban)-[a:ALIGN]-(end_nd:Weibo) WHERE st_nd.name='tada' AND end_nd.nick_name='tadamiracle' RETURN st_nd, a, end_nd
2017-08-16 14:13:22,601 GraphdbClient.py[line:211] INFO Query: MATCH (st_nd:Douban)-[a:ALIGN]-(end_nd:Weibo) WHERE st_nd.name='tada' AND end_nd.nick_name='tadamiracle' RETURN st_nd, a, end_nd
2017-08-16 15:37:36,847 GraphdbClient.py[line:255] INFO Query: MATCH (st_nd:Douban)-[a:ALIGN]-(end_nd:Weibo) WHERE st_nd.name='tada' AND end_nd.nick_name='tadamiracle' RETURN st_nd, a, end_nd
2017-08-16 15:38:13,244 GraphdbClient.py[line:255] INFO Query: MATCH (st_nd:Douban)-[a:ALIGN]-(end_nd:Weibo) WHERE st_nd.name='tada' AND end_nd.nick_name='tadamiracle' RETURN st_nd, a, end_nd
2017-08-16 15:38:44,530 GraphdbClient.py[line:255] INFO Query: MATCH (st_nd:Douban)-[a:ALIGN]-(end_nd:Weibo) WHERE st_nd.name='tada' AND end_nd.nick_name='tadamiracle' RETURN st_nd, a, end_nd
2017-08-16 15:39:18,624 GraphdbClient.py[line:253] INFO Query: MATCH (st_nd:Douban)-[a:ALIGN]-(end_nd:Weibo) WHERE st_nd.name='tada' AND end_nd.nick_name='tadamiracle' RETURN st_nd, a, end_nd
2017-08-16 15:39:18,630 GraphdbClient.py[line:116] INFO Query: MATCH (nd:Douban)-[a:HAS]-(res) WHERE nd.name='tada' RETURN res
2017-08-16 15:39:32,375 GraphdbClient.py[line:116] INFO Query: MATCH (nd:Douban)-[a:HAS]-(res) WHERE nd.name='tada' RETURN res
2017-08-16 15:39:47,079 GraphdbClient.py[line:116] INFO Query: MATCH (nd:Douban)-[a:HAS]-(res) WHERE nd.name='tada' RETURN res
2017-08-16 15:40:34,535 GraphdbClient.py[line:116] INFO Query: MATCH (nd:Douban)-[a:HAS]-(res) WHERE nd.name='tada' RETURN res
2017-08-16 15:40:40,771 GraphdbClient.py[line:116] INFO Query: MATCH (nd:Douban)-[a:HAS]-(res) WHERE nd.name='tada' RETURN res
2017-08-16 15:40:47,196 GraphdbClient.py[line:116] INFO Query: MATCH (nd:Douban)-[a:HAS]-(res) WHERE nd.name='tada' RETURN res
2017-08-16 15:49:05,754 GraphdbClient.py[line:116] INFO Query: MATCH (nd:Douban)-[a:HAS]-(res) WHERE nd.name='tada11' RETURN res
2017-08-16 16:19:42,953 GraphdbClient.py[line:116] INFO Query: MATCH (nd:Douban)-[a:HAS]-(res) WHERE nd.id='3513921' RETURN res
2017-08-16 16:22:21,034 GraphdbClient.py[line:117] INFO Query: MATCH (nd:Douban)-[a:HAS]-(res) WHERE nd.id='3513921' RETURN res
2017-08-16 16:28:11,127 GraphdbClient.py[line:117] INFO Query: MATCH (nd:Douban)-[a:HAS]-(res) WHERE nd.id='3513921' RETURN res
2017-08-16 16:28:32,178 GraphdbClient.py[line:117] INFO Query: MATCH (nd:Douban)-[a:HAS]-(res) WHERE nd.id='3513921' RETURN res
2017-08-16 16:28:53,874 GraphdbClient.py[line:117] INFO Query: MATCH (nd:Douban)-[a:HAS]-(res) WHERE nd.id='3513921' RETURN res
2017-08-16 16:29:13,485 GraphdbClient.py[line:117] INFO Query: MATCH (nd:Douban)-[a:HAS]-(res) WHERE nd.id='3513921' RETURN res
2017-08-16 17:05:36,638 GraphdbClient.py[line:117] INFO Query: MATCH (nd:Douban)-[a:HAS]-(res) WHERE nd.id='3513921' RETURN res
2017-08-16 17:05:36,893 GraphdbClient.py[line:117] INFO Query: MATCH (nd:Douban)-[a:HAS]-(res) WHERE nd.id='1386103' RETURN res
2017-08-16 17:05:37,180 GraphdbClient.py[line:117] INFO Query: MATCH (nd:Douban)-[a:HAS]-(res) WHERE nd.id='1335606' RETURN res
2017-08-16 17:05:37,422 GraphdbClient.py[line:117] INFO Query: MATCH (nd:Douban)-[a:HAS]-(res) WHERE nd.id='3757293' RETURN res
2017-08-16 17:05:37,684 GraphdbClient.py[line:117] INFO Query: MATCH (nd:Douban)-[a:HAS]-(res) WHERE nd.id='44418324' RETURN res
2017-08-16 17:05:57,094 GraphdbClient.py[line:116] INFO Query: MATCH (nd:Douban)-[a:HAS]-(res) WHERE nd.id='3513921' RETURN res
2017-08-16 17:05:57,288 GraphdbClient.py[line:116] INFO Query: MATCH (nd:Douban)-[a:HAS]-(res) WHERE nd.id='1386103' RETURN res
2017-08-16 17:05:57,487 GraphdbClient.py[line:116] INFO Query: MATCH (nd:Douban)-[a:HAS]-(res) WHERE nd.id='1335606' RETURN res
2017-08-16 17:05:57,683 GraphdbClient.py[line:116] INFO Query: MATCH (nd:Douban)-[a:HAS]-(res) WHERE nd.id='3757293' RETURN res
2017-08-16 17:05:57,872 GraphdbClient.py[line:116] INFO Query: MATCH (nd:Douban)-[a:HAS]-(res) WHERE nd.id='44418324' RETURN res
2017-08-16 17:06:32,459 GraphdbClient.py[line:116] INFO Query: MATCH (nd:Douban)-[a:HAS]-(res) WHERE nd.id='3513921' RETURN res
2017-08-16 17:06:32,682 GraphdbClient.py[line:116] INFO Query: MATCH (nd:Douban)-[a:HAS]-(res) WHERE nd.id='1386103' RETURN res
2017-08-16 17:06:32,866 GraphdbClient.py[line:116] INFO Query: MATCH (nd:Douban)-[a:HAS]-(res) WHERE nd.id='1335606' RETURN res
2017-08-16 17:06:33,050 GraphdbClient.py[line:116] INFO Query: MATCH (nd:Douban)-[a:HAS]-(res) WHERE nd.id='3757293' RETURN res
2017-08-16 17:06:33,226 GraphdbClient.py[line:116] INFO Query: MATCH (nd:Douban)-[a:HAS]-(res) WHERE nd.id='44418324' RETURN res
2017-08-16 17:06:33,417 GraphdbClient.py[line:116] INFO Query: MATCH (nd:Douban)-[a:HAS]-(res) WHERE nd.id='3831809' RETURN res
2017-08-16 17:06:33,661 GraphdbClient.py[line:116] INFO Query: MATCH (nd:Douban)-[a:HAS]-(res) WHERE nd.id='52203520' RETURN res
2017-08-16 17:06:33,946 GraphdbClient.py[line:116] INFO Query: MATCH (nd:Douban)-[a:HAS]-(res) WHERE nd.id='2043726' RETURN res
2017-08-16 17:06:34,222 GraphdbClient.py[line:116] INFO Query: MATCH (nd:Douban)-[a:HAS]-(res) WHERE nd.id='1172224' RETURN res
2017-08-16 17:07:12,757 GraphdbClient.py[line:116] INFO Query: MATCH (nd:Douban)-[a:HAS]-(res) WHERE nd.id='3513921' RETURN res
2017-08-16 17:07:12,968 GraphdbClient.py[line:116] INFO Query: MATCH (nd:Douban)-[a:HAS]-(res) WHERE nd.id='1386103' RETURN res
2017-08-16 17:07:13,132 GraphdbClient.py[line:116] INFO Query: MATCH (nd:Douban)-[a:HAS]-(res) WHERE nd.id='1335606' RETURN res
2017-08-16 17:07:13,401 GraphdbClient.py[line:116] INFO Query: MATCH (nd:Douban)-[a:HAS]-(res) WHERE nd.id='3757293' RETURN res
2017-08-16 17:07:13,598 GraphdbClient.py[line:116] INFO Query: MATCH (nd:Douban)-[a:HAS]-(res) WHERE nd.id='44418324' RETURN res
2017-08-16 17:07:13,789 GraphdbClient.py[line:116] INFO Query: MATCH (nd:Douban)-[a:HAS]-(res) WHERE nd.id='3831809' RETURN res
2017-08-16 17:07:14,020 GraphdbClient.py[line:116] INFO Query: MATCH (nd:Douban)-[a:HAS]-(res) WHERE nd.id='52203520' RETURN res
2017-08-16 17:07:14,278 GraphdbClient.py[line:116] INFO Query: MATCH (nd:Douban)-[a:HAS]-(res) WHERE nd.id='2043726' RETURN res
2017-08-16 17:07:14,489 GraphdbClient.py[line:116] INFO Query: MATCH (nd:Douban)-[a:HAS]-(res) WHERE nd.id='1172224' RETURN res
2017-08-16 17:07:14,735 GraphdbClient.py[line:116] INFO Query: MATCH (nd:Douban)-[a:HAS]-(res) WHERE nd.id='2096374' RETURN res
2017-08-16 17:07:14,977 GraphdbClient.py[line:116] INFO Query: MATCH (nd:Douban)-[a:HAS]-(res) WHERE nd.id='1818731' RETURN res
2017-08-16 17:07:15,513 GraphdbClient.py[line:116] INFO Query: MATCH (nd:Douban)-[a:HAS]-(res) WHERE nd.id='1024217' RETURN res
2017-08-16 17:07:15,760 GraphdbClient.py[line:116] INFO Query: MATCH (nd:Douban)-[a:HAS]-(res) WHERE nd.id='1828063' RETURN res
2017-08-16 17:07:16,035 GraphdbClient.py[line:116] INFO Query: MATCH (nd:Douban)-[a:HAS]-(res) WHERE nd.id='2636705' RETURN res
